0 info it worked if it ends with ok
1 verbose cli [ 'D:\\Outils\\nodejs\\\\node.exe',
1 verbose cli   'D:\\Outils\\nodejs\\node_modules\\npm\\bin\\npm-cli.js',
1 verbose cli   'test' ]
2 info using npm@1.3.24
3 info using node@v0.10.25
4 verbose node symlink D:\Outils\nodejs\\node.exe
5 error Error: ENOENT, open 'D:\Workspace-docker\package.json'
6 error If you need help, you may report this *entire* log,
6 error including the npm and node versions, at:
6 error     <http://github.com/isaacs/npm/issues>
7 error System Windows_NT 6.1.7601
8 error command "D:\\Outils\\nodejs\\\\node.exe" "D:\\Outils\\nodejs\\node_modules\\npm\\bin\\npm-cli.js" "test"
9 error cwd D:\Workspace-docker
10 error node -v v0.10.25
11 error npm -v 1.3.24
12 error path D:\Workspace-docker\package.json
13 error code ENOENT
14 error errno 34
15 verbose exit [ 34, true ]
